        -:    0:Source:lib/shared/core/motion/include/MotionMemory.hpp
        -:    0:Graph:/tmp/navigation_robot_core_coverage/core_coverage_tests-MotionPlanner.gcno
        -:    0:Data:/tmp/navigation_robot_core_coverage/core_coverage_tests-MotionPlanner.gcda
        -:    0:Runs:1
        -:    1://====================================================
        -:    2:// File: MotionMemory.hpp
        -:    3://====================================================
        -:    4:
        -:    5:/*
        -:    6:current wheel speeds
        -:    7:previous targets
        -:    8:steering persistence
        -:    9:braking state
        -:   10:acceleration history
        -:   11:*/
        -:   12:
        -:   13:#pragma once
        -:   14:
        -:   15:#include <stdint.h>
        -:   16:
        -:   17:#include "MotionState.hpp"
        -:   18:
        -:   19://====================================================
        -:   20:// MotionMemory
        -:   21:// Persistent locomotion memory.
        -:   22://
        -:   23:// Tracks:
        -:   24://      - wheel history
        -:   25://      - acceleration history
        -:   26://      - steering persistence
        -:   27://      - braking persistence
        -:   28://      - stable locomotion state
        -:   29://
        -:   30://====================================================
        -:   31:
       53:   32:struct MotionMemory
        -:   33:{
        -:   34:    // Current locomotion state
       53:   35:    MotionState currentState =
        -:   36:        MotionState::Idle;
        -:   37:
        -:   38:    // Previous locomotion state
       53:   39:    MotionState previousState =
        -:   40:        MotionState::Idle;
        -:   41:
        -:   42:    // Stable locomotion state
       53:   43:    MotionState stableState =
        -:   44:        MotionState::Idle;
        -:   45:
        -:   46:    // Current left wheel speed
       53:   47:    float currentLeftWheelSpeed = 0.0f;
        -:   48:
        -:   49:    // Current right wheel speed
       53:   50:    float currentRightWheelSpeed = 0.0f;
        -:   51:
        -:   52:    // Previous left wheel speed
       53:   53:    float previousLeftWheelSpeed = 0.0f;
        -:   54:
        -:   55:    // Previous right wheel speed
       53:   56:    float previousRightWheelSpeed = 0.0f;
        -:   57:
        -:   58:    // Current linear speed
       53:   59:    float currentLinearSpeed = 0.0f;
        -:   60:
        -:   61:    // Current angular speed
       53:   62:    float currentAngularSpeedDegPerSec = 0.0f;
        -:   63:
        -:   64:    // Previous steering curvature
       53:   65:    float previousSteeringCurvature = 0.0f;
        -:   66:
        -:   67:    // State transition timing
       53:   68:    uint32_t stateEntryTimestampMs = 0;
        -:   69:
        -:   70:    // Last state transition
       53:   71:    uint32_t lastStateChangeTimestampMs = 0;
        -:   72:
        -:   73:    // Stable frame tracking
       53:   74:    uint32_t stableFrameCount = 0;
        -:   75:
        -:   76:    // Emergency braking tracking
       53:   77:    uint32_t consecutiveEmergencyBrakingCount = 0;
        -:   78:
        -:   79:    // Escape maneuver tracking
       53:   80:    uint32_t consecutiveEscapeManeuvers = 0;
        -:   81:
        -:   82:    // Motion cooldown
       53:   83:    uint32_t cooldownUntilTimestampMs = 0;
        -:   84:
        -:   85:    // Persistent motion active
       53:   86:    bool persistentMotionActive = false;
        -:   87:
        -:   88:    // Braking currently active
       53:   89:    bool brakingActive = false;
        -:   90:
        -:   91:    // Stability control active
       53:   92:    bool stabilityControlActive = true;
        -:   93:
        -:   94:    // Timing
       53:   95:    uint32_t lastUpdateTimestampMs = 0;
        -:   96:};
