        -:    0:Source:lib/shared/core/navigation/include/NavigationMemory.hpp
        -:    0:Graph:/tmp/navigation_robot_core_coverage/core_coverage_tests-NavigationManager.gcno
        -:    0:Data:/tmp/navigation_robot_core_coverage/core_coverage_tests-NavigationManager.gcda
        -:    0:Runs:1
        -:    1:/*
        -:    2:Live behavioral runtime state memory: Robot's short-term behavioral brain state
        -:    3:It stores:
        -:    4: - current behavioral context: previous behavior, current behavior, stable behavior
        -:    5: - persistence state: still avoiding, just started avoiding, just stopped avoiding
        -:    6: - transition state
        -:    7: - cooldown state : don’t flip yet - anti-oscillation - turn persistence - escape persistence
        -:    8: - directional memory: last turned left or right, turn preference
        -:    9: - escape attempts - 3 failed escapes
        -:   10: - blocked persistence - if blocked for 5 seconds, enter trapped mode
        -:   11:
        -:   12: Only One Instance: Because robot only has ONE active navigation behavior at a time.
        -:   13:
        -:   14:Behavioral persistence memory. Supports:
        -:   15:- anti-oscillation
        -:   16:- cooldowns
        -:   17:- turn memory
        -:   18:- escape persistence
        -:   19:*/
        -:   20:
        -:   21:#pragma once
        -:   22:
        -:   23:#include <stdint.h>
        -:   24:
        -:   25:#include "NavigationState.hpp"
        -:   26:#include "TurnDirection.hpp"
        -:   27:
       48:   28:struct NavigationMemory
        -:   29:{
       48:   30:    NavigationState currentState = NavigationState::Idle;
        -:   31:
        -:   32:    // Previous navigation state
       48:   33:    NavigationState previousState = NavigationState::Idle;
        -:   34:
        -:   35:    // Current stable state
       48:   36:    NavigationState stableState = NavigationState::Idle;
        -:   37:
        -:   38:    // Last avoidance direction
       48:   39:    TurnDirection lastTurnDirection = TurnDirection::Left;
        -:   40:
        -:   41:    // State transition timing. when transition occurred
       48:   42:    uint32_t lastStateChangeTimestampMs = 0;
        -:   43:
        -:   44:    // duration in current state
       48:   45:    uint32_t stateEntryTimestampMs = 0;
        -:   46:
        -:   47:    // Persistence tracking
       48:   48:    uint32_t stableFrameCount = 0;
        -:   49:
        -:   50:    // Escape tracking
       48:   51:    uint32_t consecutiveEscapeAttempts = 0;
        -:   52:
        -:   53:    // Blocked-state persistence
       48:   54:    uint32_t blockedFrameCount = 0;
        -:   55:
        -:   56:    // Cooldown tracking
       48:   57:    uint32_t cooldownUntilTimestampMs = 0;
        -:   58:
        -:   59:    // Persistent behavior active
       48:   60:    bool persistentBehaviorActive = false;
        -:   61:};
