        -:    0:Source:lib/shared/core/motor/controller/include/WheelCommand.hpp
        -:    0:Graph:/tmp/navigation_robot_core_coverage/core_coverage_tests-MotorController.gcno
        -:    0:Data:/tmp/navigation_robot_core_coverage/core_coverage_tests-MotorController.gcda
        -:    0:Runs:1
        -:    1://====================================================
        -:    2:// File: WheelCommand.hpp
        -:    3://====================================================
        -:    4:
        -:    5:#pragma once
        -:    6:
        -:    7:#include "interfaces/include/motor/driver/MotorDriverTypes.hpp"
        -:    8:
        -:    9:#include <stdint.h>
        -:   10:
        -:   11://====================================================
        -:   12:// WheelCommand: represents: desired wheel target
        -:   13:// Single wheel execution target.
        -:   14:// Generated by:
        -:   15://      MotorController
        -:   16:// Consumed by:
        -:   17://      IMotorDriver
        -:   18:
      708:   19:struct WheelCommand
        -:   20:{
        -:   21:    // Wheel speed percentage: Range: 0.0 -> 1.0
      708:   22:    float speedPercent = 0.0f;
        -:   23:
        -:   24:    // Direction
      708:   25:    MotorDirection direction = MotorDirection::Stop;
        -:   26:
        -:   27:    // Brake mode
      708:   28:    BrakeMode brakeMode = BrakeMode::Coast;
        -:   29:
        -:   30:    // Emergency brake request
      708:   31:    bool emergencyBrake = false;
        -:   32:
        -:   33:    // Wheel enabled
      708:   34:    bool enabled = true;
        -:   35:
        -:   36:    // Timestamp
      708:   37:    uint32_t timestampMs = 0;
        -:   38:};
